mode: set
_/Users/lishixuan/Documents/Classes/CS_161/Projects/CS_161_-_Project_2_FA18/proj2/proj2.go:34.25,63.2 15 1
_/Users/lishixuan/Documents/Classes/CS_161/Projects/CS_161_-_Project_2_FA18/proj2/proj2.go:67.47,68.21 1 0
_/Users/lishixuan/Documents/Classes/CS_161/Projects/CS_161_-_Project_2_FA18/proj2/proj2.go:71.2,71.8 1 0
_/Users/lishixuan/Documents/Classes/CS_161/Projects/CS_161_-_Project_2_FA18/proj2/proj2.go:68.21,70.3 1 0
_/Users/lishixuan/Documents/Classes/CS_161/Projects/CS_161_-_Project_2_FA18/proj2/proj2.go:112.80,133.16 13 1
_/Users/lishixuan/Documents/Classes/CS_161/Projects/CS_161_-_Project_2_FA18/proj2/proj2.go:138.2,143.16 4 1
_/Users/lishixuan/Documents/Classes/CS_161/Projects/CS_161_-_Project_2_FA18/proj2/proj2.go:148.2,164.16 11 1
_/Users/lishixuan/Documents/Classes/CS_161/Projects/CS_161_-_Project_2_FA18/proj2/proj2.go:168.2,171.23 2 1
_/Users/lishixuan/Documents/Classes/CS_161/Projects/CS_161_-_Project_2_FA18/proj2/proj2.go:133.16,135.3 1 0
_/Users/lishixuan/Documents/Classes/CS_161/Projects/CS_161_-_Project_2_FA18/proj2/proj2.go:143.16,145.3 1 0
_/Users/lishixuan/Documents/Classes/CS_161/Projects/CS_161_-_Project_2_FA18/proj2/proj2.go:164.16,166.3 1 0
_/Users/lishixuan/Documents/Classes/CS_161/Projects/CS_161_-_Project_2_FA18/proj2/proj2.go:177.79,187.9 7 1
_/Users/lishixuan/Documents/Classes/CS_161/Projects/CS_161_-_Project_2_FA18/proj2/proj2.go:192.2,194.16 3 1
_/Users/lishixuan/Documents/Classes/CS_161/Projects/CS_161_-_Project_2_FA18/proj2/proj2.go:197.2,204.47 6 1
_/Users/lishixuan/Documents/Classes/CS_161/Projects/CS_161_-_Project_2_FA18/proj2/proj2.go:209.2,216.16 6 1
_/Users/lishixuan/Documents/Classes/CS_161/Projects/CS_161_-_Project_2_FA18/proj2/proj2.go:220.2,220.23 1 1
_/Users/lishixuan/Documents/Classes/CS_161/Projects/CS_161_-_Project_2_FA18/proj2/proj2.go:187.9,189.3 1 0
_/Users/lishixuan/Documents/Classes/CS_161/Projects/CS_161_-_Project_2_FA18/proj2/proj2.go:194.16,196.3 1 0
_/Users/lishixuan/Documents/Classes/CS_161/Projects/CS_161_-_Project_2_FA18/proj2/proj2.go:204.47,206.3 1 0
_/Users/lishixuan/Documents/Classes/CS_161/Projects/CS_161_-_Project_2_FA18/proj2/proj2.go:216.16,218.3 1 0
_/Users/lishixuan/Documents/Classes/CS_161/Projects/CS_161_-_Project_2_FA18/proj2/proj2.go:279.63,375.2 51 1
_/Users/lishixuan/Documents/Classes/CS_161/Projects/CS_161_-_Project_2_FA18/proj2/proj2.go:383.76,395.9 3 1
_/Users/lishixuan/Documents/Classes/CS_161/Projects/CS_161_-_Project_2_FA18/proj2/proj2.go:399.2,401.16 3 1
_/Users/lishixuan/Documents/Classes/CS_161/Projects/CS_161_-_Project_2_FA18/proj2/proj2.go:405.2,411.53 6 1
_/Users/lishixuan/Documents/Classes/CS_161/Projects/CS_161_-_Project_2_FA18/proj2/proj2.go:415.2,421.16 6 1
_/Users/lishixuan/Documents/Classes/CS_161/Projects/CS_161_-_Project_2_FA18/proj2/proj2.go:425.2,451.16 16 1
_/Users/lishixuan/Documents/Classes/CS_161/Projects/CS_161_-_Project_2_FA18/proj2/proj2.go:455.2,464.9 3 1
_/Users/lishixuan/Documents/Classes/CS_161/Projects/CS_161_-_Project_2_FA18/proj2/proj2.go:468.2,470.16 3 1
_/Users/lishixuan/Documents/Classes/CS_161/Projects/CS_161_-_Project_2_FA18/proj2/proj2.go:474.2,480.53 6 1
_/Users/lishixuan/Documents/Classes/CS_161/Projects/CS_161_-_Project_2_FA18/proj2/proj2.go:484.2,490.16 6 1
_/Users/lishixuan/Documents/Classes/CS_161/Projects/CS_161_-_Project_2_FA18/proj2/proj2.go:494.2,500.40 6 1
_/Users/lishixuan/Documents/Classes/CS_161/Projects/CS_161_-_Project_2_FA18/proj2/proj2.go:503.2,511.16 3 1
_/Users/lishixuan/Documents/Classes/CS_161/Projects/CS_161_-_Project_2_FA18/proj2/proj2.go:514.2,527.16 11 1
_/Users/lishixuan/Documents/Classes/CS_161/Projects/CS_161_-_Project_2_FA18/proj2/proj2.go:531.2,533.12 2 1
_/Users/lishixuan/Documents/Classes/CS_161/Projects/CS_161_-_Project_2_FA18/proj2/proj2.go:395.9,397.3 1 0
_/Users/lishixuan/Documents/Classes/CS_161/Projects/CS_161_-_Project_2_FA18/proj2/proj2.go:401.16,403.3 1 0
_/Users/lishixuan/Documents/Classes/CS_161/Projects/CS_161_-_Project_2_FA18/proj2/proj2.go:411.53,413.3 1 0
_/Users/lishixuan/Documents/Classes/CS_161/Projects/CS_161_-_Project_2_FA18/proj2/proj2.go:421.16,423.3 1 0
_/Users/lishixuan/Documents/Classes/CS_161/Projects/CS_161_-_Project_2_FA18/proj2/proj2.go:451.16,453.3 1 0
_/Users/lishixuan/Documents/Classes/CS_161/Projects/CS_161_-_Project_2_FA18/proj2/proj2.go:464.9,466.3 1 0
_/Users/lishixuan/Documents/Classes/CS_161/Projects/CS_161_-_Project_2_FA18/proj2/proj2.go:470.16,472.3 1 0
_/Users/lishixuan/Documents/Classes/CS_161/Projects/CS_161_-_Project_2_FA18/proj2/proj2.go:480.53,482.3 1 0
_/Users/lishixuan/Documents/Classes/CS_161/Projects/CS_161_-_Project_2_FA18/proj2/proj2.go:490.16,492.3 1 0
_/Users/lishixuan/Documents/Classes/CS_161/Projects/CS_161_-_Project_2_FA18/proj2/proj2.go:500.40,502.3 1 1
_/Users/lishixuan/Documents/Classes/CS_161/Projects/CS_161_-_Project_2_FA18/proj2/proj2.go:511.16,513.3 1 0
_/Users/lishixuan/Documents/Classes/CS_161/Projects/CS_161_-_Project_2_FA18/proj2/proj2.go:527.16,529.3 1 0
_/Users/lishixuan/Documents/Classes/CS_161/Projects/CS_161_-_Project_2_FA18/proj2/proj2.go:539.74,551.9 3 1
_/Users/lishixuan/Documents/Classes/CS_161/Projects/CS_161_-_Project_2_FA18/proj2/proj2.go:555.2,557.16 3 1
_/Users/lishixuan/Documents/Classes/CS_161/Projects/CS_161_-_Project_2_FA18/proj2/proj2.go:561.2,567.53 6 1
_/Users/lishixuan/Documents/Classes/CS_161/Projects/CS_161_-_Project_2_FA18/proj2/proj2.go:571.2,577.16 6 1
_/Users/lishixuan/Documents/Classes/CS_161/Projects/CS_161_-_Project_2_FA18/proj2/proj2.go:581.2,592.9 6 1
_/Users/lishixuan/Documents/Classes/CS_161/Projects/CS_161_-_Project_2_FA18/proj2/proj2.go:596.2,598.16 3 1
_/Users/lishixuan/Documents/Classes/CS_161/Projects/CS_161_-_Project_2_FA18/proj2/proj2.go:602.2,608.53 6 1
_/Users/lishixuan/Documents/Classes/CS_161/Projects/CS_161_-_Project_2_FA18/proj2/proj2.go:612.2,618.16 6 1
_/Users/lishixuan/Documents/Classes/CS_161/Projects/CS_161_-_Project_2_FA18/proj2/proj2.go:630.2,634.9 3 1
_/Users/lishixuan/Documents/Classes/CS_161/Projects/CS_161_-_Project_2_FA18/proj2/proj2.go:638.2,640.16 3 1
_/Users/lishixuan/Documents/Classes/CS_161/Projects/CS_161_-_Project_2_FA18/proj2/proj2.go:644.2,650.45 6 1
_/Users/lishixuan/Documents/Classes/CS_161/Projects/CS_161_-_Project_2_FA18/proj2/proj2.go:654.2,667.26 6 1
_/Users/lishixuan/Documents/Classes/CS_161/Projects/CS_161_-_Project_2_FA18/proj2/proj2.go:700.2,703.18 3 1
_/Users/lishixuan/Documents/Classes/CS_161/Projects/CS_161_-_Project_2_FA18/proj2/proj2.go:551.9,553.3 1 0
_/Users/lishixuan/Documents/Classes/CS_161/Projects/CS_161_-_Project_2_FA18/proj2/proj2.go:557.16,559.3 1 0
_/Users/lishixuan/Documents/Classes/CS_161/Projects/CS_161_-_Project_2_FA18/proj2/proj2.go:567.53,569.3 1 0
_/Users/lishixuan/Documents/Classes/CS_161/Projects/CS_161_-_Project_2_FA18/proj2/proj2.go:577.16,579.3 1 0
_/Users/lishixuan/Documents/Classes/CS_161/Projects/CS_161_-_Project_2_FA18/proj2/proj2.go:592.9,594.3 1 1
_/Users/lishixuan/Documents/Classes/CS_161/Projects/CS_161_-_Project_2_FA18/proj2/proj2.go:598.16,600.3 1 0
_/Users/lishixuan/Documents/Classes/CS_161/Projects/CS_161_-_Project_2_FA18/proj2/proj2.go:608.53,610.3 1 0
_/Users/lishixuan/Documents/Classes/CS_161/Projects/CS_161_-_Project_2_FA18/proj2/proj2.go:618.16,620.3 1 0
_/Users/lishixuan/Documents/Classes/CS_161/Projects/CS_161_-_Project_2_FA18/proj2/proj2.go:634.9,636.3 1 0
_/Users/lishixuan/Documents/Classes/CS_161/Projects/CS_161_-_Project_2_FA18/proj2/proj2.go:640.16,642.3 1 0
_/Users/lishixuan/Documents/Classes/CS_161/Projects/CS_161_-_Project_2_FA18/proj2/proj2.go:650.45,652.3 1 0
_/Users/lishixuan/Documents/Classes/CS_161/Projects/CS_161_-_Project_2_FA18/proj2/proj2.go:667.26,670.10 3 1
_/Users/lishixuan/Documents/Classes/CS_161/Projects/CS_161_-_Project_2_FA18/proj2/proj2.go:673.3,675.17 3 1
_/Users/lishixuan/Documents/Classes/CS_161/Projects/CS_161_-_Project_2_FA18/proj2/proj2.go:678.3,683.51 6 1
_/Users/lishixuan/Documents/Classes/CS_161/Projects/CS_161_-_Project_2_FA18/proj2/proj2.go:686.3,692.43 5 1
_/Users/lishixuan/Documents/Classes/CS_161/Projects/CS_161_-_Project_2_FA18/proj2/proj2.go:670.10,672.4 1 0
_/Users/lishixuan/Documents/Classes/CS_161/Projects/CS_161_-_Project_2_FA18/proj2/proj2.go:675.17,677.4 1 0
_/Users/lishixuan/Documents/Classes/CS_161/Projects/CS_161_-_Project_2_FA18/proj2/proj2.go:683.51,685.4 1 0
_/Users/lishixuan/Documents/Classes/CS_161/Projects/CS_161_-_Project_2_FA18/proj2/proj2.go:732.94,744.9 3 1
_/Users/lishixuan/Documents/Classes/CS_161/Projects/CS_161_-_Project_2_FA18/proj2/proj2.go:748.2,750.16 3 1
_/Users/lishixuan/Documents/Classes/CS_161/Projects/CS_161_-_Project_2_FA18/proj2/proj2.go:754.2,760.53 6 1
_/Users/lishixuan/Documents/Classes/CS_161/Projects/CS_161_-_Project_2_FA18/proj2/proj2.go:764.2,770.16 6 1
_/Users/lishixuan/Documents/Classes/CS_161/Projects/CS_161_-_Project_2_FA18/proj2/proj2.go:774.2,793.16 11 1
_/Users/lishixuan/Documents/Classes/CS_161/Projects/CS_161_-_Project_2_FA18/proj2/proj2.go:797.2,798.9 2 1
_/Users/lishixuan/Documents/Classes/CS_161/Projects/CS_161_-_Project_2_FA18/proj2/proj2.go:801.2,802.16 2 1
_/Users/lishixuan/Documents/Classes/CS_161/Projects/CS_161_-_Project_2_FA18/proj2/proj2.go:811.2,812.16 2 1
_/Users/lishixuan/Documents/Classes/CS_161/Projects/CS_161_-_Project_2_FA18/proj2/proj2.go:816.2,821.16 5 1
_/Users/lishixuan/Documents/Classes/CS_161/Projects/CS_161_-_Project_2_FA18/proj2/proj2.go:825.2,825.37 1 1
_/Users/lishixuan/Documents/Classes/CS_161/Projects/CS_161_-_Project_2_FA18/proj2/proj2.go:744.9,746.3 1 0
_/Users/lishixuan/Documents/Classes/CS_161/Projects/CS_161_-_Project_2_FA18/proj2/proj2.go:750.16,752.3 1 0
_/Users/lishixuan/Documents/Classes/CS_161/Projects/CS_161_-_Project_2_FA18/proj2/proj2.go:760.53,762.3 1 0
_/Users/lishixuan/Documents/Classes/CS_161/Projects/CS_161_-_Project_2_FA18/proj2/proj2.go:770.16,772.3 1 0
_/Users/lishixuan/Documents/Classes/CS_161/Projects/CS_161_-_Project_2_FA18/proj2/proj2.go:793.16,795.3 1 0
_/Users/lishixuan/Documents/Classes/CS_161/Projects/CS_161_-_Project_2_FA18/proj2/proj2.go:798.9,800.3 1 0
_/Users/lishixuan/Documents/Classes/CS_161/Projects/CS_161_-_Project_2_FA18/proj2/proj2.go:802.16,804.3 1 0
_/Users/lishixuan/Documents/Classes/CS_161/Projects/CS_161_-_Project_2_FA18/proj2/proj2.go:812.16,814.3 1 0
_/Users/lishixuan/Documents/Classes/CS_161/Projects/CS_161_-_Project_2_FA18/proj2/proj2.go:821.16,823.3 1 0
_/Users/lishixuan/Documents/Classes/CS_161/Projects/CS_161_-_Project_2_FA18/proj2/proj2.go:832.87,843.16 4 1
_/Users/lishixuan/Documents/Classes/CS_161/Projects/CS_161_-_Project_2_FA18/proj2/proj2.go:846.2,850.9 4 1
_/Users/lishixuan/Documents/Classes/CS_161/Projects/CS_161_-_Project_2_FA18/proj2/proj2.go:853.2,854.16 2 1
_/Users/lishixuan/Documents/Classes/CS_161/Projects/CS_161_-_Project_2_FA18/proj2/proj2.go:863.2,865.16 3 1
_/Users/lishixuan/Documents/Classes/CS_161/Projects/CS_161_-_Project_2_FA18/proj2/proj2.go:869.2,871.16 3 1
_/Users/lishixuan/Documents/Classes/CS_161/Projects/CS_161_-_Project_2_FA18/proj2/proj2.go:883.2,894.16 8 1
_/Users/lishixuan/Documents/Classes/CS_161/Projects/CS_161_-_Project_2_FA18/proj2/proj2.go:898.2,912.16 12 1
_/Users/lishixuan/Documents/Classes/CS_161/Projects/CS_161_-_Project_2_FA18/proj2/proj2.go:916.2,918.12 2 1
_/Users/lishixuan/Documents/Classes/CS_161/Projects/CS_161_-_Project_2_FA18/proj2/proj2.go:843.16,845.3 1 0
_/Users/lishixuan/Documents/Classes/CS_161/Projects/CS_161_-_Project_2_FA18/proj2/proj2.go:850.9,852.3 1 0
_/Users/lishixuan/Documents/Classes/CS_161/Projects/CS_161_-_Project_2_FA18/proj2/proj2.go:854.16,856.3 1 0
_/Users/lishixuan/Documents/Classes/CS_161/Projects/CS_161_-_Project_2_FA18/proj2/proj2.go:865.16,867.3 1 0
_/Users/lishixuan/Documents/Classes/CS_161/Projects/CS_161_-_Project_2_FA18/proj2/proj2.go:871.16,873.3 1 0
_/Users/lishixuan/Documents/Classes/CS_161/Projects/CS_161_-_Project_2_FA18/proj2/proj2.go:894.16,896.3 1 0
_/Users/lishixuan/Documents/Classes/CS_161/Projects/CS_161_-_Project_2_FA18/proj2/proj2.go:912.16,914.3 1 0
_/Users/lishixuan/Documents/Classes/CS_161/Projects/CS_161_-_Project_2_FA18/proj2/proj2.go:922.63,934.9 3 1
_/Users/lishixuan/Documents/Classes/CS_161/Projects/CS_161_-_Project_2_FA18/proj2/proj2.go:938.2,940.16 3 1
_/Users/lishixuan/Documents/Classes/CS_161/Projects/CS_161_-_Project_2_FA18/proj2/proj2.go:944.2,950.53 6 1
_/Users/lishixuan/Documents/Classes/CS_161/Projects/CS_161_-_Project_2_FA18/proj2/proj2.go:954.2,960.16 6 1
_/Users/lishixuan/Documents/Classes/CS_161/Projects/CS_161_-_Project_2_FA18/proj2/proj2.go:964.2,975.9 6 1
_/Users/lishixuan/Documents/Classes/CS_161/Projects/CS_161_-_Project_2_FA18/proj2/proj2.go:979.2,981.16 3 1
_/Users/lishixuan/Documents/Classes/CS_161/Projects/CS_161_-_Project_2_FA18/proj2/proj2.go:985.2,991.53 6 1
_/Users/lishixuan/Documents/Classes/CS_161/Projects/CS_161_-_Project_2_FA18/proj2/proj2.go:995.2,1001.16 6 1
_/Users/lishixuan/Documents/Classes/CS_161/Projects/CS_161_-_Project_2_FA18/proj2/proj2.go:1012.2,1026.9 8 1
_/Users/lishixuan/Documents/Classes/CS_161/Projects/CS_161_-_Project_2_FA18/proj2/proj2.go:1030.2,1032.16 3 1
_/Users/lishixuan/Documents/Classes/CS_161/Projects/CS_161_-_Project_2_FA18/proj2/proj2.go:1036.2,1042.45 6 1
_/Users/lishixuan/Documents/Classes/CS_161/Projects/CS_161_-_Project_2_FA18/proj2/proj2.go:1046.2,1062.26 7 1
_/Users/lishixuan/Documents/Classes/CS_161/Projects/CS_161_-_Project_2_FA18/proj2/proj2.go:1092.2,1112.16 12 1
_/Users/lishixuan/Documents/Classes/CS_161/Projects/CS_161_-_Project_2_FA18/proj2/proj2.go:1116.2,1132.16 7 1
_/Users/lishixuan/Documents/Classes/CS_161/Projects/CS_161_-_Project_2_FA18/proj2/proj2.go:1135.2,1148.16 11 1
_/Users/lishixuan/Documents/Classes/CS_161/Projects/CS_161_-_Project_2_FA18/proj2/proj2.go:1152.2,1170.16 8 1
_/Users/lishixuan/Documents/Classes/CS_161/Projects/CS_161_-_Project_2_FA18/proj2/proj2.go:1174.2,1187.16 11 1
_/Users/lishixuan/Documents/Classes/CS_161/Projects/CS_161_-_Project_2_FA18/proj2/proj2.go:1191.2,1200.12 3 1
_/Users/lishixuan/Documents/Classes/CS_161/Projects/CS_161_-_Project_2_FA18/proj2/proj2.go:934.9,936.3 1 0
_/Users/lishixuan/Documents/Classes/CS_161/Projects/CS_161_-_Project_2_FA18/proj2/proj2.go:940.16,942.3 1 0
_/Users/lishixuan/Documents/Classes/CS_161/Projects/CS_161_-_Project_2_FA18/proj2/proj2.go:950.53,952.3 1 0
_/Users/lishixuan/Documents/Classes/CS_161/Projects/CS_161_-_Project_2_FA18/proj2/proj2.go:960.16,962.3 1 0
_/Users/lishixuan/Documents/Classes/CS_161/Projects/CS_161_-_Project_2_FA18/proj2/proj2.go:975.9,977.3 1 0
_/Users/lishixuan/Documents/Classes/CS_161/Projects/CS_161_-_Project_2_FA18/proj2/proj2.go:981.16,983.3 1 0
_/Users/lishixuan/Documents/Classes/CS_161/Projects/CS_161_-_Project_2_FA18/proj2/proj2.go:991.53,993.3 1 0
_/Users/lishixuan/Documents/Classes/CS_161/Projects/CS_161_-_Project_2_FA18/proj2/proj2.go:1001.16,1003.3 1 0
_/Users/lishixuan/Documents/Classes/CS_161/Projects/CS_161_-_Project_2_FA18/proj2/proj2.go:1026.9,1028.3 1 0
_/Users/lishixuan/Documents/Classes/CS_161/Projects/CS_161_-_Project_2_FA18/proj2/proj2.go:1032.16,1034.3 1 0
_/Users/lishixuan/Documents/Classes/CS_161/Projects/CS_161_-_Project_2_FA18/proj2/proj2.go:1042.45,1044.3 1 0
_/Users/lishixuan/Documents/Classes/CS_161/Projects/CS_161_-_Project_2_FA18/proj2/proj2.go:1062.26,1065.10 3 0
_/Users/lishixuan/Documents/Classes/CS_161/Projects/CS_161_-_Project_2_FA18/proj2/proj2.go:1068.3,1070.17 3 0
_/Users/lishixuan/Documents/Classes/CS_161/Projects/CS_161_-_Project_2_FA18/proj2/proj2.go:1073.3,1078.51 6 0
_/Users/lishixuan/Documents/Classes/CS_161/Projects/CS_161_-_Project_2_FA18/proj2/proj2.go:1081.3,1089.48 6 0
_/Users/lishixuan/Documents/Classes/CS_161/Projects/CS_161_-_Project_2_FA18/proj2/proj2.go:1065.10,1067.4 1 0
_/Users/lishixuan/Documents/Classes/CS_161/Projects/CS_161_-_Project_2_FA18/proj2/proj2.go:1070.17,1072.4 1 0
_/Users/lishixuan/Documents/Classes/CS_161/Projects/CS_161_-_Project_2_FA18/proj2/proj2.go:1078.51,1080.4 1 0
_/Users/lishixuan/Documents/Classes/CS_161/Projects/CS_161_-_Project_2_FA18/proj2/proj2.go:1112.16,1114.3 1 0
_/Users/lishixuan/Documents/Classes/CS_161/Projects/CS_161_-_Project_2_FA18/proj2/proj2.go:1132.16,1134.3 1 0
_/Users/lishixuan/Documents/Classes/CS_161/Projects/CS_161_-_Project_2_FA18/proj2/proj2.go:1148.16,1150.3 1 0
_/Users/lishixuan/Documents/Classes/CS_161/Projects/CS_161_-_Project_2_FA18/proj2/proj2.go:1170.16,1172.3 1 0
_/Users/lishixuan/Documents/Classes/CS_161/Projects/CS_161_-_Project_2_FA18/proj2/proj2.go:1187.16,1189.3 1 0
